<?xml version="1.0" encoding="UTF-8"?>
<!-- Generated by org.testng.reporters.JUnitXMLReporter -->
<testsuite ignored="0" hostname="hp" failures="1" tests="1" name="Default test(failed)" time="14.409" errors="0" timestamp="2023-09-13T16:29:20 IST">
  <testcase classname="apractice.Test3" name="test1" time="14.362">
    <failure type="java.lang.NullPointerException" message="Cannot invoke &amp;quot;org.apache.poi.ss.usermodel.Sheet.createRow(int)&amp;quot; because &amp;quot;sh&amp;quot; is null">
      <![CDATA[java.lang.NullPointerException: Cannot invoke "org.apache.poi.ss.usermodel.Sheet.createRow(int)" because "sh" is null
at apractice.Test3.test1(Test3.java:41)
at java.base/java.util.ArrayList.forEach(ArrayList.java:1511)
... Removed 27 stack frames]]>
    </failure>
  </testcase> <!-- test1 -->
</testsuite> <!-- Default test(failed) -->
