<?xml version="1.0" encoding="UTF-8"?>
<!-- Generated by org.testng.reporters.JUnitXMLReporter -->
<testsuite ignored="6" hostname="hp" failures="0" tests="5" name="Test" time="59.822" errors="0" timestamp="2023-07-07T17:51:30 IST">
  <testcase classname="usersPageTest.UpdateUsersModuleTest" name="updateUsersModuleTest" time="23.283"/>
  <testcase classname="userMouduleTest.UpdateUsersModuleTest" name="updateUsersModuleTest" time="23.146"/>
  <testcase classname="orderModuleTest.UpdateOrderStatusTest" name="updateOrderStatusTest" time="33.442"/>
  <testcase classname="userMouduleTest.AddToMenuTest" name="addToMenu" time="48.84"/>
  <testcase classname="usersPageTest.AddToCartTest" name="addToCart" time="18.292"/>
  <testcase classname="com.GTMange.TransSoft.genericutility.BaseClass" name="@BeforeSuite connectToDataBase" time="0.0">
    <ignored/>
  </testcase> <!-- @BeforeSuite connectToDataBase -->
  <testcase classname="com.GTMange.TransSoft.genericutility.BaseClass" name="@BeforeSuite connectToDataBase" time="0.0">
    <ignored/>
  </testcase> <!-- @BeforeSuite connectToDataBase -->
  <testcase classname="com.GTMange.TransSoft.genericutility.BaseClass" name="@AfterSuite closeDataBase" time="0.0">
    <ignored/>
  </testcase> <!-- @AfterSuite closeDataBase -->
  <testcase classname="com.GTMange.TransSoft.genericutility.BaseClass" name="@AfterSuite closeDataBase" time="0.0">
    <ignored/>
  </testcase> <!-- @AfterSuite closeDataBase -->
  <testcase classname="com.GTMange.TransSoft.genericutility.BaseClass" name="@BeforeSuite connectToDataBase" time="0.0">
    <ignored/>
  </testcase> <!-- @BeforeSuite connectToDataBase -->
  <testcase classname="com.GTMange.TransSoft.genericutility.BaseClass" name="@AfterSuite closeDataBase" time="0.0">
    <ignored/>
  </testcase> <!-- @AfterSuite closeDataBase -->
</testsuite> <!-- Test -->
