<?xml version="1.0" encoding="UTF-8"?>
<testng-results ignored="0" total="1" passed="1" failed="0" skipped="0">
  <reporter-output>
  </reporter-output>
  <suite started-at="2023-07-12T13:17:57 IST" name="Default suite" finished-at="2023-07-12T13:18:08 IST" duration-ms="11477">
    <groups>
      <group name="regTest">
        <method signature="AddToMenuTest.addToMenu()[pri:0, instance:userMouduleTest.AddToMenuTest@25df00a0]" name="addToMenu" class="userMouduleTest.AddToMenuTest"/>
      </group> <!-- regTest -->
    </groups>
    <test started-at="2023-07-12T13:17:57 IST" name="Default test" finished-at="2023-07-12T13:18:08 IST" duration-ms="11477">
      <class name="userMouduleTest.AddToMenuTest">
        <test-method is-config="true" signature="connectToDataBase()[pri:0, instance:userMouduleTest.AddToMenuTest@25df00a0]" started-at="2023-07-12T13:17:56 IST" name="connectToDataBase" finished-at="2023-07-12T13:17:57 IST" duration-ms="443" status="PASS">
          <reporter-output>
          </reporter-output>
        </test-method> <!-- connectToDataBase -->
        <test-method is-config="true" signature="lunchTheBrowser()[pri:0, instance:userMouduleTest.AddToMenuTest@25df00a0]" started-at="2023-07-12T13:17:57 IST" name="lunchTheBrowser" finished-at="2023-07-12T13:18:00 IST" duration-ms="2829" status="PASS">
          <reporter-output>
          </reporter-output>
        </test-method> <!-- lunchTheBrowser -->
        <test-method is-config="true" signature="loginToApplication()[pri:0, instance:userMouduleTest.AddToMenuTest@25df00a0]" started-at="2023-07-12T13:18:00 IST" name="loginToApplication" finished-at="2023-07-12T13:18:00 IST" duration-ms="310" status="PASS">
          <reporter-output>
          </reporter-output>
        </test-method> <!-- loginToApplication -->
        <test-method signature="addToMenu()[pri:0, instance:userMouduleTest.AddToMenuTest@25df00a0]" started-at="2023-07-12T13:18:00 IST" name="addToMenu" finished-at="2023-07-12T13:18:07 IST" duration-ms="7260" status="PASS">
          <reporter-output>
          </reporter-output>
        </test-method> <!-- addToMenu -->
        <test-method is-config="true" signature="logoutFromApplication()[pri:0, instance:userMouduleTest.AddToMenuTest@25df00a0]" started-at="2023-07-12T13:18:07 IST" name="logoutFromApplication" finished-at="2023-07-12T13:18:08 IST" duration-ms="578" status="PASS">
          <reporter-output>
          </reporter-output>
        </test-method> <!-- logoutFromApplication -->
        <test-method is-config="true" signature="closeTheBrowser()[pri:0, instance:userMouduleTest.AddToMenuTest@25df00a0]" started-at="2023-07-12T13:18:08 IST" name="closeTheBrowser" finished-at="2023-07-12T13:18:08 IST" duration-ms="427" status="PASS">
          <reporter-output>
          </reporter-output>
        </test-method> <!-- closeTheBrowser -->
        <test-method is-config="true" signature="closeDataBase()[pri:0, instance:userMouduleTest.AddToMenuTest@25df00a0]" started-at="2023-07-12T13:18:08 IST" name="closeDataBase" finished-at="2023-07-12T13:18:08 IST" duration-ms="0" status="PASS">
          <reporter-output>
          </reporter-output>
        </test-method> <!-- closeDataBase -->
      </class> <!-- userMouduleTest.AddToMenuTest -->
    </test> <!-- Default test -->
  </suite> <!-- Default suite -->
</testng-results>
