<?xml version="1.0" encoding="UTF-8"?>
<testng-results ignored="0" total="1" passed="1" failed="0" skipped="0">
  <reporter-output>
  </reporter-output>
  <suite started-at="2024-09-04T13:56:10 IST" name="Default suite" finished-at="2024-09-04T13:56:10 IST" duration-ms="72">
    <groups>
    </groups>
    <test started-at="2024-09-04T13:56:10 IST" name="Default test" finished-at="2024-09-04T13:56:10 IST" duration-ms="72">
      <class name="numberProgram.NumberPalindrome">
        <test-method signature="t()[pri:0, instance:numberProgram.NumberPalindrome@35dab4eb]" started-at="2024-09-04T13:56:10 IST" name="t" finished-at="2024-09-04T13:56:10 IST" duration-ms="10" status="PASS">
          <reporter-output>
          </reporter-output>
        </test-method> <!-- t -->
      </class> <!-- numberProgram.NumberPalindrome -->
    </test> <!-- Default test -->
  </suite> <!-- Default suite -->
</testng-results>
